0 silly argv { _: [ 'add' ],
0 silly argv   globs: [],
0 silly argv   lernaVersion: '3.14.1',
0 silly argv   '$0': 'lerna',
0 silly argv   pkg: 'starforge' }
1 notice cli v3.14.1
2 verbose rootPath /Users/DJ/code/amp/ce-generator
3 error TypeError: Invalid comparator: ampush/starforge#master
3 error     at Comparator.parse (/Users/DJ/code/amp/ce-generator/node_modules/semver/semver.js:754:11)
3 error     at new Comparator (/Users/DJ/code/amp/ce-generator/node_modules/semver/semver.js:737:8)
3 error     at Range.<anonymous> (/Users/DJ/code/amp/ce-generator/node_modules/semver/semver.js:925:12)
3 error     at Array.map (<anonymous>)
3 error     at Range.parseRange (/Users/DJ/code/amp/ce-generator/node_modules/semver/semver.js:924:13)
3 error     at Range.<anonymous> (/Users/DJ/code/amp/ce-generator/node_modules/semver/semver.js:867:17)
3 error     at Array.map (<anonymous>)
3 error     at new Range (/Users/DJ/code/amp/ce-generator/node_modules/semver/semver.js:866:40)
3 error     at Function.intersects (/Users/DJ/code/amp/ce-generator/node_modules/semver/semver.js:1459:8)
3 error     at getRangeToReference (/Users/DJ/code/amp/ce-generator/node_modules/@lerna/add/lib/get-range-to-reference.js:18:35)
3 error     at result.filter.pkg (/Users/DJ/code/amp/ce-generator/node_modules/@lerna/add/index.js:142:14)
3 error     at Array.filter (<anonymous>)
3 error     at AddCommand.collectPackagesToChange (/Users/DJ/code/amp/ce-generator/node_modules/@lerna/add/index.js:134:21)
